<?xml version="1.0" encoding="UTF-8"?>
<!-- Generated by org.testng.reporters.JUnitReportReporter -->
<testsuite hostname="V7V-SEM-AIR.local" name="bookingPage.Bookaday"
	tests="1" failures="0" timestamp="28 Dec 2015 13:44:17 GMT" time="6.636"
	errors="0">
	<testcase name="booking" time="6.636" classname="bookingPage.Bookaday" />
</testsuite> <!-- bookingPage.Bookaday -->
