<?xml version="1.0" encoding="UTF-8"?>
<!-- Generated by org.testng.reporters.JUnitReportReporter -->
<testsuite skipped="0" hostname="FULL253-PRT.FULL.Creative" name="customerPage.DeleteManyCustomer" tests="2" failures="0" timestamp="14 Dec 2017 18:08:36 GMT" time="21.133" errors="0">
  <testcase name="CustomerTab" time="7.895" classname="customerPage.DeleteManyCustomer"/>
  <testcase name="Deletecustomer_Many" time="13.238" classname="customerPage.DeleteManyCustomer"/>
</testsuite> <!-- customerPage.DeleteManyCustomer -->
