<?xml version="1.0" encoding="UTF-8"?>
<!-- Generated by org.testng.reporters.JUnitReportReporter -->
<testsuite hostname="FULL253-PRT.local" name="customerPage.ExportMailChimp" tests="2" failures="0" timestamp="19 Jul 2016 13:15:12 GMT" time="31.389" errors="0">
  <testcase name="ConnectMailChimp" time="29.517" classname="customerPage.ExportMailChimp"/>
  <testcase name="CustomerTab" time="1.872" classname="customerPage.ExportMailChimp"/>
</testsuite> <!-- customerPage.ExportMailChimp -->
