<?xml version="1.0" encoding="UTF-8"?>
<!-- Generated by org.testng.reporters.JUnitReportReporter -->
<testsuite hostname="V7V-SEM-AIR.local" name="Appium.setmore_sigin_Emulator"
	tests="1" failures="0" timestamp="8 Feb 2016 13:13:48 GMT" time="40.425"
	errors="0">
	<testcase name="SetMoreLogin" time="40.425"
		classname="Appium.setmore_sigin_Emulator" />
</testsuite> <!-- Appium.setmore_sigin_Emulator -->
