<?xml version="1.0" encoding="UTF-8"?>
<!-- Generated by org.testng.reporters.JUnitReportReporter -->
<testsuite hostname="V7V-SEM-AIR.local" name="customerPage.Customer" tests="8" failures="0" timestamp="29 Dec 2015 05:42:10 GMT" time="118.453" errors="1">
  <testcase name="ExportCustomer" time="14.897" classname="customerPage.Customer"/>
  <testcase name="Deletecustomer_Many" time="16.247" classname="customerPage.Customer"/>
  <testcase name="mergecustomers" time="27.500" classname="customerPage.Customer"/>
  <testcase name="CreateCustomer" time="14.763" classname="customerPage.Customer"/>
  <testcase name="CustomerTab" time="0.707" classname="customerPage.Customer"/>
  <testcase name="ImportCustomer" time="31.189" classname="customerPage.Customer"/>
  <testcase name="CustomerInput" time="0.000" classname="customerPage.Customer">
    <error type="org.testng.TestNGException" message="
Method CustomerInput requires 1 parameters but 0 were supplied in the @Test annotation.">
      <![CDATA[org.testng.TestNGException: 
Method CustomerInput requires 1 parameters but 0 were supplied in the @Test annotation.
	at org.testng.internal.Parameters.checkParameterTypes(Parameters.java:191)
	at org.testng.internal.Parameters.createParameters(Parameters.java:127)
	at org.testng.internal.Parameters.createParameters(Parameters.java:376)
	at org.testng.internal.Parameters.handleParameters(Parameters.java:451)
	at org.testng.internal.Invoker.handleParameters(Invoker.java:1270)
	at org.testng.internal.Invoker.createParameters(Invoker.java:985)
	at org.testng.internal.Invoker.invokeTestMethods(Invoker.java:1075)
	at org.testng.internal.TestMethodWorker.invokeTestMethods(TestMethodWorker.java:125)
	at org.testng.internal.TestMethodWorker.run(TestMethodWorker.java:108)
	at org.testng.TestRunner.privateRun(TestRunner.java:774)
	at org.testng.TestRunner.run(TestRunner.java:624)
	at org.testng.SuiteRunner.runTest(SuiteRunner.java:359)
	at org.testng.SuiteRunner.runSequentially(SuiteRunner.java:354)
	at org.testng.SuiteRunner.privateRun(SuiteRunner.java:312)
	at org.testng.SuiteRunner.run(SuiteRunner.java:261)
	at org.testng.SuiteRunnerWorker.runSuite(SuiteRunnerWorker.java:52)
	at org.testng.SuiteRunnerWorker.run(SuiteRunnerWorker.java:86)
	at org.testng.TestNG.runSuitesSequentially(TestNG.java:1215)
	at org.testng.TestNG.runSuitesLocally(TestNG.java:1140)
	at org.testng.TestNG.run(TestNG.java:1048)
	at org.testng.remote.RemoteTestNG.run(RemoteTestNG.java:112)
	at org.testng.remote.RemoteTestNG.initAndRun(RemoteTestNG.java:205)
	at org.testng.remote.RemoteTestNG.main(RemoteTestNG.java:176)
]]>
    </error>
  </testcase> <!-- CustomerInput -->
  <testcase name="DeleteCusotmer" time="13.150" classname="customerPage.Customer"/>
</testsuite> <!-- customerPage.Customer -->
