<?xml version="1.0" encoding="UTF-8"?>
<!-- Generated by org.testng.reporters.JUnitReportReporter -->
<testsuite hostname="V7V-SEM-AIR.local" name="logins.Setmore_login" tests="1" failures="0" timestamp="28 Dec 2015 12:02:27 GMT" time="17.545" errors="0">
  <testcase name="SetmoreLogin" time="17.545" classname="logins.Setmore_login"/>
</testsuite> <!-- logins.Setmore_login -->
