<?xml version="1.0" encoding="UTF-8"?>
<!-- Generated by org.testng.reporters.JUnitReportReporter -->
<testsuite hostname="V7V-SEM-AIR.local" name="Appium.Book_ExtCust" tests="2" failures="0" timestamp="29 Dec 2015 05:54:05 GMT" time="49.872" errors="0">
  <testcase name="login" time="21.128" classname="Appium.Book_ExtCust"/>
  <testcase name="ExistingCustomer" time="28.744" classname="Appium.Book_ExtCust"/>
</testsuite> <!-- Appium.Book_ExtCust -->
