<?xml version="1.0" encoding="UTF-8"?>
<!-- Generated by org.testng.reporters.JUnitReportReporter -->
<testsuite skipped="0" hostname="FULL253-PRT.FULL.Creative" name="customerPage.DeletSingleCustomer" tests="2" failures="0" timestamp="14 Dec 2017 18:11:26 GMT" time="23.105" errors="0">
  <testcase name="CustomerTab" time="7.014" classname="customerPage.DeletSingleCustomer"/>
  <testcase name="DeleteCusotmer" time="16.091" classname="customerPage.DeletSingleCustomer"/>
</testsuite> <!-- customerPage.DeletSingleCustomer -->
