<?xml version="1.0" encoding="UTF-8"?>
<!-- Generated by org.testng.reporters.JUnitReportReporter -->
<testsuite skipped="0" hostname="FULL253-PRT.FULL.Creative" name="customerPage.ExportMailChimp" tests="2" failures="0" timestamp="15 Dec 2017 18:26:20 GMT" time="32.758" errors="0">
  <testcase name="CustomerTab" time="8.064" classname="customerPage.ExportMailChimp"/>
  <testcase name="ConnectMailChimp" time="24.694" classname="customerPage.ExportMailChimp"/>
</testsuite> <!-- customerPage.ExportMailChimp -->
