<?xml version="1.0" encoding="UTF-8"?>
<!-- Generated by org.testng.reporters.JUnitReportReporter -->
<testsuite hostname="FULL253-PRT.FULL.Creative" name="logins.Google_login" tests="1" failures="0" timestamp="20 Mar 2017 05:30:55 GMT" time="47.903" errors="0">
  <testcase name="GoogleLogin" time="47.903" classname="logins.Google_login"/>
</testsuite> <!-- logins.Google_login -->
