<?xml version="1.0" encoding="UTF-8"?>
<!-- Generated by org.testng.reporters.JUnitReportReporter -->
<testsuite hostname="V7V-SEM-AIR.local" name="customerPage.DeletSingleCustomer"
	tests="2" failures="0" timestamp="1 Apr 2016 12:32:32 GMT" time="14.624"
	errors="0">
	<testcase name="DeleteCusotmer" time="14.275"
		classname="customerPage.DeletSingleCustomer" />
	<testcase name="CustomerTab" time="0.349"
		classname="customerPage.DeletSingleCustomer" />
</testsuite> <!-- customerPage.DeletSingleCustomer -->
