<?xml version="1.0" encoding="UTF-8"?>
<!-- Generated by org.testng.reporters.JUnitReportReporter -->
<testsuite hostname="V7V-SEM-AIR.local" name="bookingPage.Book_SS"
	tests="1" failures="0" timestamp="29 Dec 2015 09:59:31 GMT" time="7.725"
	errors="0">
	<testcase name="booking" time="7.725" classname="bookingPage.Book_SS" />
</testsuite> <!-- bookingPage.Book_SS -->
