<?xml version="1.0" encoding="UTF-8"?>
<!-- Generated by org.testng.reporters.JUnitReportReporter -->
<testsuite hostname="V7V-SEM-AIR.local" name="CalendarPage.Doublebooking"
	tests="2" failures="0" timestamp="18 Dec 2015 05:45:14 GMT" time="103.470"
	errors="0">
	<testcase name="bookLimitedAppts" time="71.738"
		classname="CalendarPage.Doublebooking" />
	<testcase name="book" time="31.732" classname="CalendarPage.Doublebooking" />
</testsuite> <!-- CalendarPage.Doublebooking -->
