<?xml version="1.0" encoding="UTF-8"?>
<!-- Generated by org.testng.reporters.JUnitReportReporter -->
<testsuite hostname="FULL253-PRT.FULL.Creative" name="customerPage.DeletSingleCustomer" tests="2" failures="0" timestamp="20 Mar 2017 08:33:09 GMT" time="12.138" errors="0">
  <testcase name="CustomerTab" time="2.544" classname="customerPage.DeletSingleCustomer"/>
  <testcase name="DeleteCusotmer" time="9.594" classname="customerPage.DeletSingleCustomer"/>
</testsuite> <!-- customerPage.DeletSingleCustomer -->
