<?xml version="1.0" encoding="UTF-8"?>
<!-- Generated by org.testng.reporters.JUnitReportReporter -->
<testsuite hostname="V7V-SEM-AIR.local" name="src.Facebook_login"
	tests="1" failures="0" timestamp="30 Oct 2015 12:36:01 GMT" time="47.768"
	errors="0">
	<testcase name="GoogleLoign" time="47.768" classname="src.Facebook_login" />
</testsuite> <!-- src.Facebook_login -->
