<?xml version="1.0" encoding="UTF-8"?>
<!-- Generated by org.testng.reporters.JUnitReportReporter -->
<testsuite hostname="FULL253-PRT.local" name="logins.setmoreLogin" tests="1" failures="0" timestamp="18 Jul 2016 11:18:33 GMT" time="15.140" errors="0">
  <testcase name="SetmoreLogin" time="15.140" classname="logins.setmoreLogin"/>
</testsuite> <!-- logins.setmoreLogin -->
