<?xml version="1.0" encoding="UTF-8"?>
<!-- Generated by org.testng.reporters.JUnitReportReporter -->
<testsuite hostname="V7V-SEM-AIR.local" name="logins.Facebook_login" tests="1" failures="0" timestamp="29 Dec 2015 05:45:30 GMT" time="35.912" errors="0">
  <testcase name="Facebook_Loign" time="35.912" classname="logins.Facebook_login"/>
</testsuite> <!-- logins.Facebook_login -->
