<?xml version="1.0" encoding="UTF-8"?>
<!-- Generated by org.testng.reporters.JUnitReportReporter -->
<testsuite hostname="V7V-SEM-AIR.local" name="Appium.bookappmt"
	tests="2" failures="0" timestamp="27 Dec 2015 09:05:37 GMT" time="60.502"
	errors="0">
	<testcase name="login" time="19.997" classname="Appium.bookappmt" />
	<testcase name="NewCustomer" time="40.505" classname="Appium.bookappmt" />
</testsuite> <!-- Appium.bookappmt -->
