<?xml version="1.0" encoding="UTF-8"?>
<!-- Generated by org.testng.reporters.JUnitReportReporter -->
<testsuite hostname="FULL253-PRT.local" name="logins.Facebook_login" tests="1" failures="0" timestamp="18 Jul 2016 08:08:07 GMT" time="26.895" errors="0">
  <testcase name="Facebook_Loign" time="26.895" classname="logins.Facebook_login"/>
</testsuite> <!-- logins.Facebook_login -->
