<?xml version="1.0" encoding="UTF-8"?>
<!-- Generated by org.testng.reporters.JUnitReportReporter -->
<testsuite hostname="FULL253-PRT.local" name="logins.Google_login"
	tests="1" failures="0" timestamp="23 Jun 2016 08:37:09 GMT" time="45.740"
	errors="0">
	<testcase name="GoogleLogin" time="45.740" classname="logins.Google_login" />
</testsuite> <!-- logins.Google_login -->
