<?xml version="1.0" encoding="UTF-8"?>
<!-- Generated by org.testng.reporters.JUnitReportReporter -->
<testsuite hostname="V7V-SEM-AIR.local" name="logins.shortendedcode_Login" tests="1" failures="0" timestamp="28 Dec 2015 12:25:18 GMT" time="21.751" errors="0">
  <testcase name="login1" time="21.751" classname="logins.shortendedcode_Login"/>
</testsuite> <!-- logins.shortendedcode_Login -->
