<?xml version="1.0" encoding="UTF-8"?>
<!-- Generated by org.testng.reporters.JUnitReportReporter -->
<testsuite hostname="V7V-SEM-AIR.local" name="customerPage.Import"
	tests="2" failures="0" timestamp="22 Dec 2015 16:31:04 GMT" time="24.673"
	errors="0">
	<testcase name="two" time="24.156" classname="customerPage.Import" />
	<testcase name="one" time="0.517" classname="customerPage.Import" />
</testsuite> <!-- customerPage.Import -->
