<?xml version="1.0" encoding="UTF-8"?>
<!-- Generated by org.testng.reporters.JUnitReportReporter -->
<testsuite hostname="V7V-SEM-AIR.local" name="logins.Login_mail"
	tests="2" failures="0" timestamp="28 Dec 2015 11:09:21 GMT" time="22.586"
	errors="0">
	<testcase name="Logout" time="5.441" classname="logins.Login_mail" />
	<testcase name="SetmoreLogin" time="17.145" classname="logins.Login_mail" />
</testsuite> <!-- logins.Login_mail -->
