<?xml version="1.0" encoding="UTF-8"?>
<!-- Generated by org.testng.reporters.JUnitReportReporter -->
<testsuite hostname="FULL253-PRT.local" name="bookingPage.BookingAvailablslots" tests="1" failures="0" timestamp="10 Aug 2016 10:50:54 GMT" time="37.948" errors="0">
  <testcase name="booking" time="37.948" classname="bookingPage.BookingAvailablslots"/>
</testsuite> <!-- bookingPage.BookingAvailablslots -->
