<?xml version="1.0" encoding="UTF-8"?>
<!-- Generated by org.testng.reporters.JUnitReportReporter -->
<testsuite hostname="V7V-SEM-AIR.local" name="logins.Google_login" tests="1" failures="0" timestamp="28 Dec 2015 11:58:20 GMT" time="22.875" errors="0">
  <testcase name="GoogleLogin" time="22.875" classname="logins.Google_login"/>
</testsuite> <!-- logins.Google_login -->
