<?xml version="1.0" encoding="UTF-8"?>
<!-- Generated by org.testng.reporters.JUnitReportReporter -->
<testsuite hostname="FULL253-PRT.FULL.Creative" name="customerPage.DeleteManyCustomer" tests="2" failures="0" timestamp="20 Mar 2017 08:31:51 GMT" time="16.152" errors="0">
  <testcase name="CustomerTab" time="1.325" classname="customerPage.DeleteManyCustomer"/>
  <testcase name="Deletecustomer_Many" time="14.827" classname="customerPage.DeleteManyCustomer"/>
</testsuite> <!-- customerPage.DeleteManyCustomer -->
