<?xml version="1.0" encoding="UTF-8"?>
<!-- Generated by org.testng.reporters.JUnitReportReporter -->
<testsuite hostname="V7V-SEM-AIR.local" name="customerPage.DeleteManyCustomer"
	tests="2" failures="0" timestamp="1 Apr 2016 12:28:45 GMT" time="29.317"
	errors="0">
	<testcase name="Deletecustomer_Many" time="29.067"
		classname="customerPage.DeleteManyCustomer" />
	<testcase name="CustomerTab" time="0.250"
		classname="customerPage.DeleteManyCustomer" />
</testsuite> <!-- customerPage.DeleteManyCustomer -->
