<?xml version="1.0" encoding="UTF-8"?>
<!-- Generated by org.testng.reporters.JUnitReportReporter -->
<testsuite hostname="FULL253-PRT.FULL.Creative" name="logins.setmoreLogin" tests="1" failures="0" timestamp="20 Mar 2017 07:29:51 GMT" time="15.355" errors="0">
  <testcase name="SetmoreLogin" time="15.355" classname="logins.setmoreLogin"/>
</testsuite> <!-- logins.setmoreLogin -->
