<?xml version="1.0" encoding="UTF-8"?>
<!-- Generated by org.testng.reporters.JUnitReportReporter -->
<testsuite hostname="FULL253-PRT.local" name="bookingPage.BookingAvailablslots"
	tests="1" failures="0" timestamp="20 May 2016 10:07:56 GMT" time="11.991"
	errors="0">
	<testcase name="booking" time="11.991"
		classname="bookingPage.BookingAvailablslots" />
</testsuite> <!-- bookingPage.BookingAvailablslots -->
