<?xml version="1.0" encoding="UTF-8"?>
<!-- Generated by org.testng.reporters.JUnitReportReporter -->
<testsuite hostname="V7V-SEM-AIR.local" name="src1.Setmore_login" tests="1" failures="0" timestamp="7 Nov 2015 12:45:16 GMT" time="23.743" errors="0">
  <testcase name="SetmoreLogin" time="23.743" classname="src1.Setmore_login"/>
</testsuite> <!-- src1.Setmore_login -->
