<?xml version="1.0" encoding="UTF-8"?>
<!-- Generated by org.testng.reporters.JUnitReportReporter -->
<testsuite hostname="V7V-SEM-AIR.local" name="logins.SetMorelogincrossbrowser" tests="3" failures="0" timestamp="29 Dec 2015 05:47:48 GMT" time="43.385" errors="0">
  <testcase name="SetmoreLogin" time="1.029" classname="logins.SetMorelogincrossbrowser"/>
  <testcase name="SetmoreLogin" time="29.067" classname="logins.SetMorelogincrossbrowser"/>
  <testcase name="SetmoreLogin" time="13.289" classname="logins.SetMorelogincrossbrowser"/>
</testsuite> <!-- logins.SetMorelogincrossbrowser -->
