<?xml version="1.0" encoding="UTF-8"?>
<!-- Generated by org.testng.reporters.JUnitReportReporter -->
<testsuite hostname="FULL253-PRT.local" name="CalendarPage.DoubleBookingAppointments"
	tests="2" failures="0" timestamp="30 Jun 2016 07:23:28 GMT" time="0.001"
	errors="2">
	<testcase name="bookLimitedAppts" time="0.001"
		classname="CalendarPage.DoubleBookingAppointments">
		<error type="org.openqa.selenium.WebDriverException"
			message="Failed to connect to binary FirefoxBinary(/Applications/Firefox.app/Contents/MacOS/firefox-bin) on port 7055; process output follows: 
-a285-3208198ce6fd}&quot;,&quot;syncGUID&quot;:&quot;8O7NFk69afTV&quot;,&quot;location&quot;:&quot;app-global&quot;,&quot;version&quot;:&quot;47.0.1&quot;,&quot;type&quot;:&quot;theme&quot;,&quot;internalName&quot;:&quot;classic/1.0&quot;,&quot;updateURL&quot;:null,&quot;updateKey&quot;:null,&quot;optionsURL&quot;:null,&quot;optionsType&quot;:null,&quot;aboutURL&quot;:null,&quot;icons&quot;:{&quot;32&quot;:&quot;icon.png&quot;,&quot;48&quot;:&quot;icon.png&quot;},&quot;iconURL&quot;:null,&quot;icon64URL&quot;:null,&quot;defaultLocale&quot;:{&quot;name&quot;:&quot;Default&quot;,&quot;description&quot;:&quot;The default theme.&quot;,&quot;creator&quot;:&quot;Mozilla&quot;,&quot;homepageURL&quot;:null,&quot;contributors&quot;:[&quot;Mozilla Contributors&quot;]},&quot;visible&quot;:true,&quot;active&quot;:true,&quot;userDisabled&quot;:false,&quot;appDisabled&quot;:false,&quot;descriptor&quot;:&quot;/Applications/Firefox.app/Contents/Resources/browser/extensions/{972ce4c6-7e08-4474-a285-3208198ce6fd}.xpi&quot;,&quot;installDate&quot;:1466727371000,&quot;updateDate&quot;:1466727371000,&quot;applyBackgroundUpdates&quot;:1,&quot;skinnable&quot;:true,&quot;size&quot;:7140,&quot;sourceURI&quot;:null,&quot;releaseNotesURI&quot;:null,&quot;softDisabled&quot;:false,&quot;foreignInstall&quot;:false,&quot;hasBinaryComponents&quot;:false,&quot;strictCompatibility&quot;:true,&quot;locales&quot;:[],&quot;targetApplications&quot;:[{&quot;id&quot;:&quot;{ec8030f7-c20a-464f-9b0e-13a3a9e97384}&quot;,&quot;minVersion&quot;:&quot;47.0.1&quot;,&quot;maxVersion&quot;:&quot;47.0.1&quot;}],&quot;targetPlatforms&quot;:[],&quot;seen&quot;:true}
1467271363029	addons.xpi	DEBUG	getModTime: Recursive scan of {972ce4c6-7e08-4474-a285-3208198ce6fd}
1467271363030	DeferredSave.extensions.json	DEBUG	Save changes
1467271363030	addons.xpi	DEBUG	Updating database with changes to installed add-ons
1467271363030	addons.xpi-utils	DEBUG	Updating add-on states
1467271363031	addons.xpi-utils	DEBUG	Writing add-ons list
1467271363033	addons.xpi	DEBUG	Registering manifest for /Applications/Firefox.app/Contents/Resources/browser/features/e10srollout@mozilla.org.xpi
1467271363033	addons.xpi	DEBUG	Calling bootstrap method startup on e10srollout@mozilla.org version 1.0
1467271363033	addons.xpi	DEBUG	Registering manifest for /Applications/Firefox.app/Contents/Resources/browser/features/firefox@getpocket.com.xpi
1467271363034	addons.xpi	DEBUG	Calling bootstrap method startup on firefox@getpocket.com version 1.0.2
1467271363035	addons.xpi	DEBUG	Registering manifest for /Applications/Firefox.app/Contents/Resources/browser/features/loop@mozilla.org.xpi
1467271363035	addons.xpi	DEBUG	Calling bootstrap method startup on loop@mozilla.org version 1.3.2
1467271363057	addons.manager	DEBUG	Registering shutdown blocker for XPIProvider
1467271363057	addons.manager	DEBUG	Provider finished startup: XPIProvider
1467271363057	addons.manager	DEBUG	Starting provider: LightweightThemeManager
1467271363058	addons.manager	DEBUG	Registering shutdown blocker for LightweightThemeManager
1467271363058	addons.manager	DEBUG	Provider finished startup: LightweightThemeManager
1467271363058	addons.manager	DEBUG	Starting provider: GMPProvider
1467271363064	addons.manager	DEBUG	Registering shutdown blocker for GMPProvider
1467271363064	addons.manager	DEBUG	Provider finished startup: GMPProvider
1467271363064	addons.manager	DEBUG	Starting provider: PluginProvider
1467271363064	addons.manager	DEBUG	Registering shutdown blocker for PluginProvider
1467271363065	addons.manager	DEBUG	Provider finished startup: PluginProvider
1467271363065	addons.manager	DEBUG	Completed startup sequence
1467271363586	addons.manager	DEBUG	Starting provider: &lt;unnamed-provider&gt;
1467271363586	addons.manager	DEBUG	Registering shutdown blocker for &lt;unnamed-provider&gt;
1467271363586	addons.manager	DEBUG	Provider finished startup: &lt;unnamed-provider&gt;
1467271363594	DeferredSave.extensions.json	DEBUG	Starting write
1467271363773	addons.repository	DEBUG	No addons.json found.
1467271363774	DeferredSave.addons.json	DEBUG	Save changes
1467271363778	DeferredSave.addons.json	DEBUG	Starting timer
1467271363807	addons.manager	DEBUG	Starting provider: PreviousExperimentProvider
1467271363807	addons.manager	DEBUG	Registering shutdown blocker for PreviousExperimentProvider
1467271363807	addons.manager	DEBUG	Provider finished startup: PreviousExperimentProvider
1467271363810	DeferredSave.extensions.json	DEBUG	Write succeeded
1467271363811	addons.xpi-utils	DEBUG	XPI Database saved, setting schema version preference to 17
1467271363830	DeferredSave.addons.json	DEBUG	Starting write
1467271363844	DeferredSave.addons.json	DEBUG	Write succeeded

Build info: version: &#039;2.48.2&#039;, revision: &#039;41bccdd&#039;, time: &#039;2015-10-09 19:55:52&#039;
System info: host: &#039;FULL253-PRT.local&#039;, ip: &#039;1.1.19.103&#039;, os.name: &#039;Mac OS X&#039;, os.arch: &#039;x86_64&#039;, os.version: &#039;10.11.3&#039;, java.version: &#039;1.8.0_60&#039;
Driver info: driver.version: FirefoxDriver">
      <![CDATA[org.openqa.selenium.WebDriverException: Failed to connect to binary FirefoxBinary(/Applications/Firefox.app/Contents/MacOS/firefox-bin) on port 7055; process output follows: 
-a285-3208198ce6fd}","syncGUID":"8O7NFk69afTV","location":"app-global","version":"47.0.1","type":"theme","internalName":"classic/1.0","updateURL":null,"updateKey":null,"optionsURL":null,"optionsType":null,"aboutURL":null,"icons":{"32":"icon.png","48":"icon.png"},"iconURL":null,"icon64URL":null,"defaultLocale":{"name":"Default","description":"The default theme.","creator":"Mozilla","homepageURL":null,"contributors":["Mozilla Contributors"]},"visible":true,"active":true,"userDisabled":false,"appDisabled":false,"descriptor":"/Applications/Firefox.app/Contents/Resources/browser/extensions/{972ce4c6-7e08-4474-a285-3208198ce6fd}.xpi","installDate":1466727371000,"updateDate":1466727371000,"applyBackgroundUpdates":1,"skinnable":true,"size":7140,"sourceURI":null,"releaseNotesURI":null,"softDisabled":false,"foreignInstall":false,"hasBinaryComponents":false,"strictCompatibility":true,"locales":[],"targetApplications":[{"id":"{ec8030f7-c20a-464f-9b0e-13a3a9e97384}","minVersion":"47.0.1","maxVersion":"47.0.1"}],"targetPlatforms":[],"seen":true}
1467271363029	addons.xpi	DEBUG	getModTime: Recursive scan of {972ce4c6-7e08-4474-a285-3208198ce6fd}
1467271363030	DeferredSave.extensions.json	DEBUG	Save changes
1467271363030	addons.xpi	DEBUG	Updating database with changes to installed add-ons
1467271363030	addons.xpi-utils	DEBUG	Updating add-on states
1467271363031	addons.xpi-utils	DEBUG	Writing add-ons list
1467271363033	addons.xpi	DEBUG	Registering manifest for /Applications/Firefox.app/Contents/Resources/browser/features/e10srollout@mozilla.org.xpi
1467271363033	addons.xpi	DEBUG	Calling bootstrap method startup on e10srollout@mozilla.org version 1.0
1467271363033	addons.xpi	DEBUG	Registering manifest for /Applications/Firefox.app/Contents/Resources/browser/features/firefox@getpocket.com.xpi
1467271363034	addons.xpi	DEBUG	Calling bootstrap method startup on firefox@getpocket.com version 1.0.2
1467271363035	addons.xpi	DEBUG	Registering manifest for /Applications/Firefox.app/Contents/Resources/browser/features/loop@mozilla.org.xpi
1467271363035	addons.xpi	DEBUG	Calling bootstrap method startup on loop@mozilla.org version 1.3.2
1467271363057	addons.manager	DEBUG	Registering shutdown blocker for XPIProvider
1467271363057	addons.manager	DEBUG	Provider finished startup: XPIProvider
1467271363057	addons.manager	DEBUG	Starting provider: LightweightThemeManager
1467271363058	addons.manager	DEBUG	Registering shutdown blocker for LightweightThemeManager
1467271363058	addons.manager	DEBUG	Provider finished startup: LightweightThemeManager
1467271363058	addons.manager	DEBUG	Starting provider: GMPProvider
1467271363064	addons.manager	DEBUG	Registering shutdown blocker for GMPProvider
1467271363064	addons.manager	DEBUG	Provider finished startup: GMPProvider
1467271363064	addons.manager	DEBUG	Starting provider: PluginProvider
1467271363064	addons.manager	DEBUG	Registering shutdown blocker for PluginProvider
1467271363065	addons.manager	DEBUG	Provider finished startup: PluginProvider
1467271363065	addons.manager	DEBUG	Completed startup sequence
1467271363586	addons.manager	DEBUG	Starting provider: <unnamed-provider>
1467271363586	addons.manager	DEBUG	Registering shutdown blocker for <unnamed-provider>
1467271363586	addons.manager	DEBUG	Provider finished startup: <unnamed-provider>
1467271363594	DeferredSave.extensions.json	DEBUG	Starting write
1467271363773	addons.repository	DEBUG	No addons.json found.
1467271363774	DeferredSave.addons.json	DEBUG	Save changes
1467271363778	DeferredSave.addons.json	DEBUG	Starting timer
1467271363807	addons.manager	DEBUG	Starting provider: PreviousExperimentProvider
1467271363807	addons.manager	DEBUG	Registering shutdown blocker for PreviousExperimentProvider
1467271363807	addons.manager	DEBUG	Provider finished startup: PreviousExperimentProvider
1467271363810	DeferredSave.extensions.json	DEBUG	Write succeeded
1467271363811	addons.xpi-utils	DEBUG	XPI Database saved, setting schema version preference to 17
1467271363830	DeferredSave.addons.json	DEBUG	Starting write
1467271363844	DeferredSave.addons.json	DEBUG	Write succeeded

Build info: version: '2.48.2', revision: '41bccdd', time: '2015-10-09 19:55:52'
System info: host: 'FULL253-PRT.local', ip: '1.1.19.103', os.name: 'Mac OS X', os.arch: 'x86_64', os.version: '10.11.3', java.version: '1.8.0_60'
Driver info: driver.version: FirefoxDriver
	at org.openqa.selenium.firefox.internal.NewProfileExtensionConnection.start(NewProfileExtensionConnection.java:134)
	at org.openqa.selenium.firefox.FirefoxDriver.startClient(FirefoxDriver.java:271)
	at org.openqa.selenium.remote.RemoteWebDriver.<init>(RemoteWebDriver.java:117)
	at org.openqa.selenium.firefox.FirefoxDriver.<init>(FirefoxDriver.java:218)
	at org.openqa.selenium.firefox.FirefoxDriver.<init>(FirefoxDriver.java:211)
	at org.openqa.selenium.firefox.FirefoxDriver.<init>(FirefoxDriver.java:207)
	at org.openqa.selenium.firefox.FirefoxDriver.<init>(FirefoxDriver.java:120)
	at CalendarPage.DoubleBookingAppointments.setUp(DoubleBookingAppointments.java:31)
	at sun.reflect.NativeMethodAccessorImpl.invoke0(Native Method)
	at sun.reflect.NativeMethodAccessorImpl.invoke(NativeMethodAccessorImpl.java:62)
	at sun.reflect.DelegatingMethodAccessorImpl.invoke(DelegatingMethodAccessorImpl.java:43)
	at java.lang.reflect.Method.invoke(Method.java:497)
	at org.testng.internal.MethodInvocationHelper.invokeMethod(MethodInvocationHelper.java:86)
	at org.testng.internal.Invoker.invokeConfigurationMethod(Invoker.java:515)
	at org.testng.internal.Invoker.invokeConfigurations(Invoker.java:216)
	at org.testng.internal.Invoker.invokeConfigurations(Invoker.java:143)
	at org.testng.TestRunner.beforeRun(TestRunner.java:656)
	at org.testng.TestRunner.run(TestRunner.java:624)
	at org.testng.SuiteRunner.runTest(SuiteRunner.java:366)
	at org.testng.SuiteRunner.runSequentially(SuiteRunner.java:361)
	at org.testng.SuiteRunner.privateRun(SuiteRunner.java:319)
	at org.testng.SuiteRunner.run(SuiteRunner.java:268)
	at org.testng.SuiteRunnerWorker.runSuite(SuiteRunnerWorker.java:52)
	at org.testng.SuiteRunnerWorker.run(SuiteRunnerWorker.java:86)
	at org.testng.TestNG.runSuitesSequentially(TestNG.java:1225)
	at org.testng.TestNG.runSuitesLocally(TestNG.java:1150)
	at org.testng.TestNG.runSuites(TestNG.java:1075)
	at org.testng.TestNG.run(TestNG.java:1047)
	at org.testng.remote.AbstractRemoteTestNG.run(AbstractRemoteTestNG.java:126)
	at org.testng.remote.RemoteTestNG.initAndRun(RemoteTestNG.java:137)
	at org.testng.remote.RemoteTestNG.main(RemoteTestNG.java:58)
Caused by: org.openqa.selenium.firefox.NotConnectedException: Unable to connect to host 127.0.0.1 on port 7055 after 45000 ms. Firefox console output:
-a285-3208198ce6fd}","syncGUID":"8O7NFk69afTV","location":"app-global","version":"47.0.1","type":"theme","internalName":"classic/1.0","updateURL":null,"updateKey":null,"optionsURL":null,"optionsType":null,"aboutURL":null,"icons":{"32":"icon.png","48":"icon.png"},"iconURL":null,"icon64URL":null,"defaultLocale":{"name":"Default","description":"The default theme.","creator":"Mozilla","homepageURL":null,"contributors":["Mozilla Contributors"]},"visible":true,"active":true,"userDisabled":false,"appDisabled":false,"descriptor":"/Applications/Firefox.app/Contents/Resources/browser/extensions/{972ce4c6-7e08-4474-a285-3208198ce6fd}.xpi","installDate":1466727371000,"updateDate":1466727371000,"applyBackgroundUpdates":1,"skinnable":true,"size":7140,"sourceURI":null,"releaseNotesURI":null,"softDisabled":false,"foreignInstall":false,"hasBinaryComponents":false,"strictCompatibility":true,"locales":[],"targetApplications":[{"id":"{ec8030f7-c20a-464f-9b0e-13a3a9e97384}","minVersion":"47.0.1","maxVersion":"47.0.1"}],"targetPlatforms":[],"seen":true}
1467271363029	addons.xpi	DEBUG	getModTime: Recursive scan of {972ce4c6-7e08-4474-a285-3208198ce6fd}
1467271363030	DeferredSave.extensions.json	DEBUG	Save changes
1467271363030	addons.xpi	DEBUG	Updating database with changes to installed add-ons
1467271363030	addons.xpi-utils	DEBUG	Updating add-on states
1467271363031	addons.xpi-utils	DEBUG	Writing add-ons list
1467271363033	addons.xpi	DEBUG	Registering manifest for /Applications/Firefox.app/Contents/Resources/browser/features/e10srollout@mozilla.org.xpi
1467271363033	addons.xpi	DEBUG	Calling bootstrap method startup on e10srollout@mozilla.org version 1.0
1467271363033	addons.xpi	DEBUG	Registering manifest for /Applications/Firefox.app/Contents/Resources/browser/features/firefox@getpocket.com.xpi
1467271363034	addons.xpi	DEBUG	Calling bootstrap method startup on firefox@getpocket.com version 1.0.2
1467271363035	addons.xpi	DEBUG	Registering manifest for /Applications/Firefox.app/Contents/Resources/browser/features/loop@mozilla.org.xpi
1467271363035	addons.xpi	DEBUG	Calling bootstrap method startup on loop@mozilla.org version 1.3.2
1467271363057	addons.manager	DEBUG	Registering shutdown blocker for XPIProvider
1467271363057	addons.manager	DEBUG	Provider finished startup: XPIProvider
1467271363057	addons.manager	DEBUG	Starting provider: LightweightThemeManager
1467271363058	addons.manager	DEBUG	Registering shutdown blocker for LightweightThemeManager
1467271363058	addons.manager	DEBUG	Provider finished startup: LightweightThemeManager
1467271363058	addons.manager	DEBUG	Starting provider: GMPProvider
1467271363064	addons.manager	DEBUG	Registering shutdown blocker for GMPProvider
1467271363064	addons.manager	DEBUG	Provider finished startup: GMPProvider
1467271363064	addons.manager	DEBUG	Starting provider: PluginProvider
1467271363064	addons.manager	DEBUG	Registering shutdown blocker for PluginProvider
1467271363065	addons.manager	DEBUG	Provider finished startup: PluginProvider
1467271363065	addons.manager	DEBUG	Completed startup sequence
1467271363586	addons.manager	DEBUG	Starting provider: <unnamed-provider>
1467271363586	addons.manager	DEBUG	Registering shutdown blocker for <unnamed-provider>
1467271363586	addons.manager	DEBUG	Provider finished startup: <unnamed-provider>
1467271363594	DeferredSave.extensions.json	DEBUG	Starting write
1467271363773	addons.repository	DEBUG	No addons.json found.
1467271363774	DeferredSave.addons.json	DEBUG	Save changes
1467271363778	DeferredSave.addons.json	DEBUG	Starting timer
1467271363807	addons.manager	DEBUG	Starting provider: PreviousExperimentProvider
1467271363807	addons.manager	DEBUG	Registering shutdown blocker for PreviousExperimentProvider
1467271363807	addons.manager	DEBUG	Provider finished startup: PreviousExperimentProvider
1467271363810	DeferredSave.extensions.json	DEBUG	Write succeeded
1467271363811	addons.xpi-utils	DEBUG	XPI Database saved, setting schema version preference to 17
1467271363830	DeferredSave.addons.json	DEBUG	Starting write
1467271363844	DeferredSave.addons.json	DEBUG	Write succeeded

	at org.openqa.selenium.firefox.internal.NewProfileExtensionConnection.start(NewProfileExtensionConnection.java:122)
	... 30 more
]]>
		</error>
	</testcase> <!-- bookLimitedAppts -->
	<testcase name="DoubleBookingAppts" time="0.000"
		classname="CalendarPage.DoubleBookingAppointments">
		<error type="org.testng.TestNGException"
			message="
Method DoubleBookingAppts requires 2 parameters but 0 were supplied in the @Test annotation.">
      <![CDATA[org.testng.TestNGException: 
Method DoubleBookingAppts requires 2 parameters but 0 were supplied in the @Test annotation.
	at org.testng.internal.Parameters.checkParameterTypes(Parameters.java:191)
	at org.testng.internal.Parameters.createParameters(Parameters.java:127)
	at org.testng.internal.Parameters.createParameters(Parameters.java:376)
	at org.testng.internal.Parameters.handleParameters(Parameters.java:451)
	at org.testng.internal.Invoker.handleParameters(Invoker.java:1243)
	at org.testng.internal.Invoker.createParameters(Invoker.java:992)
	at org.testng.internal.Invoker.invokeTestMethods(Invoker.java:1082)
	at org.testng.internal.TestMethodWorker.invokeTestMethods(TestMethodWorker.java:129)
	at org.testng.internal.TestMethodWorker.run(TestMethodWorker.java:112)
	at org.testng.TestRunner.privateRun(TestRunner.java:778)
	at org.testng.TestRunner.run(TestRunner.java:632)
	at org.testng.SuiteRunner.runTest(SuiteRunner.java:366)
	at org.testng.SuiteRunner.runSequentially(SuiteRunner.java:361)
	at org.testng.SuiteRunner.privateRun(SuiteRunner.java:319)
	at org.testng.SuiteRunner.run(SuiteRunner.java:268)
	at org.testng.SuiteRunnerWorker.runSuite(SuiteRunnerWorker.java:52)
	at org.testng.SuiteRunnerWorker.run(SuiteRunnerWorker.java:86)
	at org.testng.TestNG.runSuitesSequentially(TestNG.java:1225)
	at org.testng.TestNG.runSuitesLocally(TestNG.java:1150)
	at org.testng.TestNG.runSuites(TestNG.java:1075)
	at org.testng.TestNG.run(TestNG.java:1047)
	at org.testng.remote.AbstractRemoteTestNG.run(AbstractRemoteTestNG.java:126)
	at org.testng.remote.RemoteTestNG.initAndRun(RemoteTestNG.java:137)
	at org.testng.remote.RemoteTestNG.main(RemoteTestNG.java:58)
]]>
		</error>
	</testcase> <!-- DoubleBookingAppts -->
</testsuite> <!-- CalendarPage.DoubleBookingAppointments -->
