<?xml version="1.0" encoding="UTF-8"?>
<!-- Generated by org.testng.reporters.JUnitReportReporter -->
<testsuite hostname="V7V-SEM-AIR.local" name="SettingsPage.CreateStaff"
	tests="2" failures="0" timestamp="19 Apr 2016 12:30:23 GMT" time="4.483"
	errors="0">
	<testcase name="CreateStaff" time="1.546" classname="SettingsPage.CreateStaff" />
	<testcase name="SettingsTab" time="2.937" classname="SettingsPage.CreateStaff" />
</testsuite> <!-- SettingsPage.CreateStaff -->
