<?xml version="1.0" encoding="UTF-8"?>
<!-- Generated by org.testng.reporters.JUnitReportReporter -->
<testsuite hostname="V7V-SEM-AIR.local" name="logins.Create_NewAccount" tests="6" failures="0" timestamp="17 Dec 2015 18:50:37 GMT" time="47.989" errors="0">
  <testcase name="createaccount" time="2.810" classname="logins.Create_NewAccount"/>
  <testcase name="staff" time="2.119" classname="logins.Create_NewAccount"/>
  <testcase name="businesshours" time="3.765" classname="logins.Create_NewAccount"/>
  <testcase name="service" time="2.452" classname="logins.Create_NewAccount"/>
  <testcase name="calendarlink" time="5.334" classname="logins.Create_NewAccount"/>
  <testcase name="businessname" time="31.509" classname="logins.Create_NewAccount"/>
</testsuite> <!-- logins.Create_NewAccount -->
