<?xml version="1.0" encoding="UTF-8"?>
<!-- Generated by org.testng.reporters.JUnitReportReporter -->
<testsuite hostname="FULL253-PRT" name="bookingPage.BookingAvailablslots" tests="1" failures="0" timestamp="22 Feb 2017 15:57:22 GMT" time="16.777" errors="0">
  <testcase name="booking" time="16.777" classname="bookingPage.BookingAvailablslots"/>
</testsuite> <!-- bookingPage.BookingAvailablslots -->
