<?xml version="1.0" encoding="UTF-8"?>
<!-- Generated by org.testng.reporters.JUnitReportReporter -->
<testsuite hostname="V7V-SEM-AIR.local" name="src.NewTest" tests="1" failures="0" timestamp="30 Oct 2015 12:12:27 GMT" time="25.512" errors="0">
  <testcase name="SetmoreLogin" time="25.512" classname="src.NewTest"/>
</testsuite> <!-- src.NewTest -->
