<?xml version="1.0" encoding="UTF-8"?>
<!-- Generated by org.testng.reporters.JUnitReportReporter -->
<testsuite hostname="V7V-SEM-AIR.local" name="logins.Testcase"
	tests="1" failures="0" timestamp="17 Dec 2015 19:14:20 GMT" time="30.378"
	errors="0">
	<testcase name="login1" time="30.378" classname="logins.Testcase" />
</testsuite> <!-- logins.Testcase -->
