<?xml version="1.0" encoding="UTF-8"?>
<!-- Generated by org.testng.reporters.JUnitReportReporter -->
<testsuite hostname="V7V-SEM-AIR.local" name="customerPage.MergeCustomers"
	tests="2" failures="0" timestamp="1 Apr 2016 12:40:36 GMT" time="24.820"
	errors="0">
	<testcase name="CustomerTab" time="0.350"
		classname="customerPage.MergeCustomers" />
	<testcase name="mergecustomers" time="24.470"
		classname="customerPage.MergeCustomers" />
</testsuite> <!-- customerPage.MergeCustomers -->
