<?xml version="1.0" encoding="UTF-8"?>
<!-- Generated by org.testng.reporters.JUnitReportReporter -->
<testsuite hostname="FULL253-PRT.local" name="CalendarPage.Singlebooking" tests="1" failures="0" timestamp="25 Jul 2016 12:25:14 GMT" time="13.169" errors="0">
  <testcase name="book" time="13.169" classname="CalendarPage.Singlebooking"/>
</testsuite> <!-- CalendarPage.Singlebooking -->
