<?xml version="1.0" encoding="UTF-8"?>
<!-- Generated by org.testng.reporters.JUnitReportReporter -->
<testsuite skipped="0" hostname="FULL253-PRT.FULL.Creative" name="customerPage.ImportGoogleContacts" tests="2" failures="0" timestamp="15 Dec 2017 19:10:29 GMT" time="28.630" errors="0">
  <testcase name="one" time="7.566" classname="customerPage.ImportGoogleContacts"/>
  <testcase name="two" time="21.064" classname="customerPage.ImportGoogleContacts"/>
</testsuite> <!-- customerPage.ImportGoogleContacts -->
