<?xml version="1.0" encoding="UTF-8"?>
<!-- Generated by org.testng.reporters.JUnitReportReporter -->
<testsuite hostname="V7V-SEM-AIR.local" name="Appium.Calculator" tests="1" failures="0" timestamp="16 Dec 2015 08:36:50 GMT" time="16.996" errors="0">
  <testcase name="testCal" time="16.996" classname="Appium.Calculator"/>
</testsuite> <!-- Appium.Calculator -->
