<?xml version="1.0" encoding="UTF-8"?>
<!-- Generated by org.testng.reporters.JUnitReportReporter -->
<testsuite hostname="V7V-SEM-AIR.local" name="bookingPage.BookingAvailablslots" tests="1" failures="0" timestamp="23 Dec 2015 06:26:37 GMT" time="20.592" errors="0">
  <testcase name="booking" time="20.592" classname="bookingPage.BookingAvailablslots"/>
</testsuite> <!-- bookingPage.BookingAvailablslots -->
