<?xml version="1.0" encoding="UTF-8"?>
<!-- Generated by org.testng.reporters.JUnitReportReporter -->
<testsuite hostname="FULL253-PRT.local" name="logins.Setmore_login" tests="2" failures="0" timestamp="18 Jul 2016 11:07:31 GMT" time="26.827" errors="0">
  <testcase name="Logout" time="3.444" classname="logins.Setmore_login"/>
  <testcase name="SetmoreLogin" time="23.383" classname="logins.Setmore_login"/>
</testsuite> <!-- logins.Setmore_login -->
