<?xml version="1.0" encoding="UTF-8"?>
<!-- Generated by org.testng.reporters.JUnitReportReporter -->
<testsuite hostname="FULL253-PRT.local" name="logins.Facebook_login"
	tests="1" failures="0" timestamp="27 Jun 2016 09:08:32 GMT" time="57.035"
	errors="0">
	<testcase name="Facebook_Loign" time="57.035" classname="logins.Facebook_login" />
</testsuite> <!-- logins.Facebook_login -->
