<?xml version="1.0" encoding="UTF-8"?>
<!-- Generated by org.testng.reporters.JUnitReportReporter -->
<testsuite hostname="V7V-SEM-AIR.local" name="customerPage.Bookcustomer"
	tests="2" failures="0" timestamp="1 Apr 2016 12:27:15 GMT" time="22.064"
	errors="0">
	<testcase name="BookCustomer" time="21.580" classname="customerPage.Bookcustomer" />
	<testcase name="CustomerTab" time="0.484" classname="customerPage.Bookcustomer" />
</testsuite> <!-- customerPage.Bookcustomer -->
