<?xml version="1.0" encoding="UTF-8"?>
<!-- Generated by org.testng.reporters.JUnitReportReporter -->
<testsuite hostname="V7V-SEM-AIR.local" name="bookingPage.Tests" tests="1" failures="0" timestamp="29 Dec 2015 13:39:42 GMT" time="8.062" errors="0">
  <testcase name="booking" time="8.062" classname="bookingPage.Tests"/>
</testsuite> <!-- bookingPage.Tests -->
