<?xml version="1.0" encoding="UTF-8"?>
<!-- Generated by org.testng.reporters.JUnitReportReporter -->
<testsuite hostname="FULL253-PRT.FULL.Creative" name="customerPage.ExportMailChimp" tests="2" failures="0" timestamp="20 Mar 2017 10:54:31 GMT" time="28.631" errors="0">
  <testcase name="CustomerTab" time="1.501" classname="customerPage.ExportMailChimp"/>
  <testcase name="ConnectMailChimp" time="27.130" classname="customerPage.ExportMailChimp"/>
</testsuite> <!-- customerPage.ExportMailChimp -->
