<?xml version="1.0" encoding="UTF-8"?>
<!-- Generated by org.testng.reporters.JUnitReportReporter -->
<testsuite hostname="V7V-SEM-AIR.local" name="bookingPage.Book_withoutSS" tests="1" failures="0" timestamp="29 Dec 2015 12:06:55 GMT" time="20.278" errors="0">
  <testcase name="booking" time="20.278" classname="bookingPage.Book_withoutSS"/>
</testsuite> <!-- bookingPage.Book_withoutSS -->
