<?xml version="1.0" encoding="UTF-8"?>
<!-- Generated by org.testng.reporters.JUnitReportReporter -->
<testsuite hostname="FULL253-PRT.local" name="bookingPage.BookingAvailablslots" tests="1" failures="0" timestamp="25 Jul 2016 12:55:52 GMT" time="7.606" errors="0">
  <testcase name="booking" time="7.606" classname="bookingPage.BookingAvailablslots"/>
</testsuite> <!-- bookingPage.BookingAvailablslots -->
