<?xml version="1.0" encoding="UTF-8"?>
<!-- Generated by org.testng.reporters.JUnitReportReporter -->
<testsuite hostname="V7V-SEM-AIR.local" name="src1.Facebook_login"
	tests="1" failures="0" timestamp="21 Nov 2015 12:34:11 GMT" time="25.166"
	errors="0">
	<testcase name="Facebook_Loign" time="25.166" classname="src1.Facebook_login" />
</testsuite> <!-- src1.Facebook_login -->
