<?xml version="1.0" encoding="UTF-8"?>
<!-- Generated by org.testng.reporters.JUnitReportReporter -->
<testsuite hostname="FULL253-PRT.FULL.Creative" name="logins.Create_NewAccount" tests="6" failures="0" timestamp="20 Mar 2017 05:44:01 GMT" time="37.766" errors="0">
  <testcase name="businessname" time="5.450" classname="logins.Create_NewAccount"/>
  <testcase name="calendarlink" time="16.831" classname="logins.Create_NewAccount"/>
  <testcase name="staff" time="2.335" classname="logins.Create_NewAccount"/>
  <testcase name="createaccount" time="3.233" classname="logins.Create_NewAccount"/>
  <testcase name="businesshours" time="3.848" classname="logins.Create_NewAccount"/>
  <testcase name="service" time="6.069" classname="logins.Create_NewAccount"/>
</testsuite> <!-- logins.Create_NewAccount -->
