<?xml version="1.0" encoding="UTF-8"?>
<!-- Generated by org.testng.reporters.JUnitReportReporter -->
<testsuite skipped="0" hostname="FULL253-PRT.FULL.Creative" name="customerPage.MergeCustomers" tests="2" failures="0" timestamp="15 Dec 2017 19:28:08 GMT" time="16.190" errors="0">
  <testcase name="CustomerTab" time="7.972" classname="customerPage.MergeCustomers"/>
  <testcase name="mergecustomers" time="8.218" classname="customerPage.MergeCustomers"/>
</testsuite> <!-- customerPage.MergeCustomers -->
