<?xml version="1.0" encoding="UTF-8"?>
<!-- Generated by org.testng.reporters.JUnitReportReporter -->
<testsuite hostname="V7V-SEM-AIR.local" name="src.Google_login"
	tests="1" failures="0" timestamp="30 Oct 2015 12:28:49 GMT" time="3.706"
	errors="0">
	<testcase name="GoogleLoign" time="3.706" classname="src.Google_login" />
</testsuite> <!-- src.Google_login -->
