<?xml version="1.0" encoding="UTF-8"?>
<!-- Generated by org.testng.reporters.JUnitReportReporter -->
<testsuite hostname="FULL253-PRT.FULL.Creative" name="logins.Facebook_login" tests="1" failures="0" timestamp="20 Mar 2017 05:36:26 GMT" time="47.973" errors="0">
  <testcase name="Facebook_Login" time="47.973" classname="logins.Facebook_login"/>
</testsuite> <!-- logins.Facebook_login -->
