<?xml version="1.0" encoding="UTF-8"?>
<!-- Generated by org.testng.reporters.JUnitReportReporter -->
<testsuite hostname="V7V-SEM-AIR.local" name="CalendarPage.Singlebooking" tests="1" failures="0" timestamp="29 Dec 2015 04:56:35 GMT" time="15.864" errors="0">
  <testcase name="book" time="15.864" classname="CalendarPage.Singlebooking"/>
</testsuite> <!-- CalendarPage.Singlebooking -->
