<?xml version="1.0" encoding="UTF-8"?>
<!-- Generated by org.testng.reporters.JUnitReportReporter -->
<testsuite hostname="FULL253-PRT.FULL.Creative" name="CalendarPage.Singlebooking" tests="1" failures="0" timestamp="20 Mar 2017 07:36:48 GMT" time="19.534" errors="0">
  <testcase name="book" time="19.534" classname="CalendarPage.Singlebooking"/>
</testsuite> <!-- CalendarPage.Singlebooking -->
