<?xml version="1.0" encoding="UTF-8"?>
<!-- Generated by org.testng.reporters.JUnitReportReporter -->
<testsuite hostname="FULL253-PRT.local" name="customerPage.ImportGoogleContacts" tests="2" failures="0" timestamp="27 Jul 2016 12:44:29 GMT" time="30.401" errors="0">
  <testcase name="two" time="29.881" classname="customerPage.ImportGoogleContacts"/>
  <testcase name="one" time="0.520" classname="customerPage.ImportGoogleContacts"/>
</testsuite> <!-- customerPage.ImportGoogleContacts -->
