<?xml version="1.0" encoding="UTF-8"?>
<!-- Generated by org.testng.reporters.JUnitReportReporter -->
<testsuite hostname="V7V-SEM-AIR.local" name="Appium.Setmore_signin" tests="1" failures="0" timestamp="29 Dec 2015 05:52:26 GMT" time="17.479" errors="0">
  <testcase name="SetMoreLogin" time="17.479" classname="Appium.Setmore_signin"/>
</testsuite> <!-- Appium.Setmore_signin -->
