<?xml version="1.0" encoding="UTF-8"?>
<!-- Generated by org.testng.reporters.JUnitReportReporter -->
<testsuite hostname="FULL253-PRT.local" name="LearningSection.setmoreLogin" tests="1" failures="0" timestamp="18 Jul 2016 11:27:03 GMT" time="15.637" errors="0">
  <testcase name="SetmoreLogin" time="15.637" classname="LearningSection.setmoreLogin"/>
</testsuite> <!-- LearningSection.setmoreLogin -->
