<?xml version="1.0" encoding="UTF-8"?>
<!-- Generated by org.testng.reporters.JUnitReportReporter -->
<testsuite hostname="FULL253-PRT.FULL.Creative" name="bookingPage.BookaSlot" tests="2" failures="0" timestamp="20 Mar 2017 07:51:03 GMT" time="11.167" errors="0">
  <testcase name="booking" time="3.759" classname="bookingPage.BookaSlot"/>
  <testcase name="setUp" time="7.408" classname="bookingPage.BookaSlot"/>
</testsuite> <!-- bookingPage.BookaSlot -->
