<?xml version="1.0" encoding="UTF-8"?>
<!-- Generated by org.testng.reporters.JUnitReportReporter -->
<testsuite hostname="FULL253-PRT.FULL.Creative" name="customerPage.MergeCustomers" tests="2" failures="0" timestamp="20 Mar 2017 10:06:43 GMT" time="15.346" errors="0">
  <testcase name="CustomerTab" time="1.008" classname="customerPage.MergeCustomers"/>
  <testcase name="mergecustomers" time="14.338" classname="customerPage.MergeCustomers"/>
</testsuite> <!-- customerPage.MergeCustomers -->
