<?xml version="1.0" encoding="UTF-8"?>
<!-- Generated by org.testng.reporters.JUnitReportReporter -->
<testsuite hostname="V7V-SEM-AIR.local" name="customerPage.Book4mCustomerPage" tests="2" failures="0" timestamp="22 Dec 2015 18:20:05 GMT" time="17.402" errors="0">
  <testcase name="CustomerTab" time="0.423" classname="customerPage.Book4mCustomerPage"/>
  <testcase name="BookCustomer" time="16.979" classname="customerPage.Book4mCustomerPage"/>
</testsuite> <!-- customerPage.Book4mCustomerPage -->
