<?xml version="1.0" encoding="UTF-8"?>
<!-- Generated by org.testng.reporters.JUnitReportReporter -->
<testsuite hostname="V7V-SEM-AIR.local" name="customerPage.sds" tests="1" failures="0" timestamp="19 Dec 2015 18:59:00 GMT" time="0.022" errors="1">
  <testcase name="verifySeleniumBlog" time="0.022" classname="customerPage.sds">
    <error type="java.lang.Error" message="Unresolved compilation problems: 
	Syntax error, insert &quot;:: IdentifierOrNew&quot; to complete ReferenceExpression
	Syntax error, insert &quot;;&quot; to complete BlockStatements
	get cannot be resolved or is not a field
	The method init(String, boolean) is undefined for the type ExtentReports
	The method log(LogStatus, String) is undefined for the type ExtentReports
	The method log(LogStatus, String) is undefined for the type ExtentReports
	The method log(LogStatus, String) is undefined for the type ExtentReports
	The method log(LogStatus, String) is undefined for the type ExtentReports
	The method attachScreenshot(String) is undefined for the type ExtentReports
	The method log(LogStatus, String) is undefined for the type ExtentReports
	The method endTest(ExtentTest) in the type ExtentReports is not applicable for the arguments ()
">
      <![CDATA[java.lang.Error: Unresolved compilation problems: 
	Syntax error, insert ":: IdentifierOrNew" to complete ReferenceExpression
	Syntax error, insert ";" to complete BlockStatements
	get cannot be resolved or is not a field
	The method init(String, boolean) is undefined for the type ExtentReports
	The method log(LogStatus, String) is undefined for the type ExtentReports
	The method log(LogStatus, String) is undefined for the type ExtentReports
	The method log(LogStatus, String) is undefined for the type ExtentReports
	The method log(LogStatus, String) is undefined for the type ExtentReports
	The method attachScreenshot(String) is undefined for the type ExtentReports
	The method log(LogStatus, String) is undefined for the type ExtentReports
	The method endTest(ExtentTest) in the type ExtentReports is not applicable for the arguments ()

	at customerPage.sds.verifySeleniumBlog(sds.java:35)
	at sun.reflect.NativeMethodAccessorImpl.invoke0(Native Method)
	at sun.reflect.NativeMethodAccessorImpl.invoke(NativeMethodAccessorImpl.java:62)
	at sun.reflect.DelegatingMethodAccessorImpl.invoke(DelegatingMethodAccessorImpl.java:43)
	at java.lang.reflect.Method.invoke(Method.java:497)
	at org.testng.internal.MethodInvocationHelper.invokeMethod(MethodInvocationHelper.java:85)
	at org.testng.internal.Invoker.invokeMethod(Invoker.java:639)
	at org.testng.internal.Invoker.invokeTestMethod(Invoker.java:816)
	at org.testng.internal.Invoker.invokeTestMethods(Invoker.java:1124)
	at org.testng.internal.TestMethodWorker.invokeTestMethods(TestMethodWorker.java:125)
	at org.testng.internal.TestMethodWorker.run(TestMethodWorker.java:108)
	at org.testng.TestRunner.privateRun(TestRunner.java:774)
	at org.testng.TestRunner.run(TestRunner.java:624)
	at org.testng.SuiteRunner.runTest(SuiteRunner.java:359)
	at org.testng.SuiteRunner.runSequentially(SuiteRunner.java:354)
	at org.testng.SuiteRunner.privateRun(SuiteRunner.java:312)
	at org.testng.SuiteRunner.run(SuiteRunner.java:261)
	at org.testng.SuiteRunnerWorker.runSuite(SuiteRunnerWorker.java:52)
	at org.testng.SuiteRunnerWorker.run(SuiteRunnerWorker.java:86)
	at org.testng.TestNG.runSuitesSequentially(TestNG.java:1215)
	at org.testng.TestNG.runSuitesLocally(TestNG.java:1140)
	at org.testng.TestNG.run(TestNG.java:1048)
	at org.testng.remote.RemoteTestNG.run(RemoteTestNG.java:112)
	at org.testng.remote.RemoteTestNG.initAndRun(RemoteTestNG.java:205)
	at org.testng.remote.RemoteTestNG.main(RemoteTestNG.java:176)
]]>
    </error>
  </testcase> <!-- verifySeleniumBlog -->
</testsuite> <!-- customerPage.sds -->
