<?xml version="1.0" encoding="UTF-8"?>
<!-- Generated by org.testng.reporters.JUnitReportReporter -->
<testsuite hostname="V7V-SEM-AIR.local" name="customerPage.Book4mCustomerPage"
	tests="2" failures="0" timestamp="6 Jan 2016 05:51:06 GMT" time="9.065"
	errors="0">
	<testcase name="BookCustomer" time="8.684"
		classname="customerPage.Book4mCustomerPage" />
	<testcase name="CustomerTab" time="0.381"
		classname="customerPage.Book4mCustomerPage" />
</testsuite> <!-- customerPage.Book4mCustomerPage -->
