<?xml version="1.0" encoding="UTF-8"?>
<!-- Generated by org.testng.reporters.JUnitReportReporter -->
<testsuite hostname="FULL253-PRT.local" name="SettingsPage.createservice" tests="2" failures="0" timestamp="19 Sep 2016 06:05:12 GMT" time="3.369" errors="0">
  <testcase name="SettingsTab" time="0.906" classname="SettingsPage.createservice"/>
  <testcase name="createservices" time="2.463" classname="SettingsPage.createservice"/>
</testsuite> <!-- SettingsPage.createservice -->
