<?xml version="1.0" encoding="UTF-8"?>
<!-- Generated by org.testng.reporters.JUnitReportReporter -->
<testsuite hostname="FULL253-PRT.local" name="logins.shortendedcode_Login" tests="1" failures="0" timestamp="18 Jul 2016 08:10:56 GMT" time="30.050" errors="0">
  <testcase name="login1" time="30.050" classname="logins.shortendedcode_Login"/>
</testsuite> <!-- logins.shortendedcode_Login -->
