<?xml version="1.0" encoding="UTF-8"?>
<!-- Generated by org.testng.reporters.JUnitReportReporter -->
<testsuite hostname="FULL253-PRT.local" name="SettingsPage.CreateStaff" tests="2" failures="0" timestamp="19 Sep 2016 06:29:47 GMT" time="5.142" errors="0">
  <testcase name="CreateStaff" time="3.285" classname="SettingsPage.CreateStaff"/>
  <testcase name="SettingsTab" time="1.857" classname="SettingsPage.CreateStaff"/>
</testsuite> <!-- SettingsPage.CreateStaff -->
