<?xml version="1.0" encoding="UTF-8"?>
<!-- Generated by org.testng.reporters.JUnitReportReporter -->
<testsuite hostname="FULL253-PRT.FULL.Creative" name="customerPage.Bookcustomer" tests="2" failures="0" timestamp="20 Mar 2017 08:30:39 GMT" time="16.160" errors="0">
  <testcase name="CustomerTab" time="0.800" classname="customerPage.Bookcustomer"/>
  <testcase name="BookCustomer" time="15.360" classname="customerPage.Bookcustomer"/>
</testsuite> <!-- customerPage.Bookcustomer -->
