<?xml version="1.0" encoding="UTF-8"?>
<!-- Generated by org.testng.reporters.JUnitReportReporter -->
<testsuite hostname="V7V-SEM-AIR.local" name="bookingPage.Book_withoutSS"
	tests="1" failures="0" timestamp="19 Apr 2016 07:27:18 GMT" time="5.291"
	errors="0">
	<testcase name="booking" time="5.291" classname="bookingPage.Book_withoutSS" />
</testsuite> <!-- bookingPage.Book_withoutSS -->
