<?xml version="1.0" encoding="UTF-8"?>
<!-- Generated by org.testng.reporters.JUnitReportReporter -->
<testsuite hostname="FULL253-PRT.FULL.Creative" name="LearningSection.setmoreLogin" tests="1" failures="0" timestamp="1 Dec 2016 13:55:35 GMT" time="19.923" errors="0">
  <testcase name="SetmoreLogin" time="19.923" classname="LearningSection.setmoreLogin"/>
</testsuite> <!-- LearningSection.setmoreLogin -->
